<?xml version="1.0" encoding="UTF-8"?>
<!-- Generated by org.testng.reporters.JUnitReportReporter -->
<testsuite hostname="IND-APULIYERIL" name="com.saba.report.TestReport" tests="1" failures="0" timestamp="28 Mar 2013 12:03:56 GMT" time="16.828" errors="0">
  <testcase name="testExistingReport" time="16.828" classname="com.saba.report.TestReport"/>
</testsuite> <!-- com.saba.report.TestReport -->
